<?xml version="1.0" encoding="UTF-8"?>
<testsuite name="com.tvd.eqx.service.ServiceRoutesSpec" tests="18" skipped="0" failures="0" errors="0" timestamp="2023-10-06T18:41:04" hostname="TVD-U1" time="0.53">
  <properties/>
  <testcase name="The main routing service should return a pong for GET ping request" classname="com.tvd.eqx.service.ServiceRoutesSpec" time="0.247"/>
  <testcase name="The main routing service should return a MethodNotAllowed error for PUT ping requests where PUT is not implemented" classname="com.tvd.eqx.service.ServiceRoutesSpec" time="0.011"/>
  <testcase name="The main routing service should return for GET healthcheck request for database status" classname="com.tvd.eqx.service.ServiceRoutesSpec" time="0.068"/>
  <testcase name="The main routing service should return for GET healthcheck request for memory status" classname="com.tvd.eqx.service.ServiceRoutesSpec" time="0.008"/>
  <testcase name="The main routing service should return successfully for POST log request with level and path query parameters" classname="com.tvd.eqx.service.ServiceRoutesSpec" time="0.034"/>
  <testcase name="The main routing service should return a missing path query parameter rejection when the parameter path is not supplied" classname="com.tvd.eqx.service.ServiceRoutesSpec" time="0.004"/>
  <testcase name="The main routing service should return successfully for GET log level request with path query parameter" classname="com.tvd.eqx.service.ServiceRoutesSpec" time="0.01"/>
  <testcase name="The main routing service should return empty users when DB empty for GET all the users" classname="com.tvd.eqx.service.ServiceRoutesSpec" time="0.033"/>
  <testcase name="The main routing service should create a new user in an empty DB" classname="com.tvd.eqx.service.ServiceRoutesSpec" time="0.061"/>
  <testcase name="The main routing service should return one user for GET the user by username" classname="com.tvd.eqx.service.ServiceRoutesSpec" time="0.015"/>
  <testcase name="The main routing service should create the second user in the DB" classname="com.tvd.eqx.service.ServiceRoutesSpec" time="0.004"/>
  <testcase name="The main routing service should return two users for GET all the users" classname="com.tvd.eqx.service.ServiceRoutesSpec" time="0.006"/>
  <testcase name="The main routing service should delete one user by id" classname="com.tvd.eqx.service.ServiceRoutesSpec" time="0.005"/>
  <testcase name="The main routing service should update an existing user" classname="com.tvd.eqx.service.ServiceRoutesSpec" time="0.007"/>
  <testcase name="The main routing service should return a not found message for GET with only slash" classname="com.tvd.eqx.service.ServiceRoutesSpec" time="0.002"/>
  <testcase name="The main routing service should return a not found error message for GET in the path prefix eqx with slash" classname="com.tvd.eqx.service.ServiceRoutesSpec" time="0.003"/>
  <testcase name="The main routing service should return a not found error message for GET in the path prefix eqx without slash" classname="com.tvd.eqx.service.ServiceRoutesSpec" time="0.003"/>
  <testcase name="The main routing service should return a not found error message for GET of a non-existing path" classname="com.tvd.eqx.service.ServiceRoutesSpec" time="0.003"/>
  <system-out><![CDATA[[DEBUG] [10/06/2023 14:41:04.232] [Test worker] [EventStream(akka://com-tvd-eqx-service-ServiceRoutesSpec)] logger log1-Logging$DefaultLogger started
[DEBUG] [10/06/2023 14:41:04.233] [Test worker] [EventStream(akka://com-tvd-eqx-service-ServiceRoutesSpec)] Default Loggers started
[DEBUG] [10/06/2023 14:41:04.448] [Test worker] [JacksonObjectMapperProvider$] Registered Jackson module [akka.serialization.jackson.AkkaJacksonModule]
[DEBUG] [10/06/2023 14:41:04.449] [Test worker] [JacksonObjectMapperProvider$] Registered Jackson module [akka.serialization.jackson.AkkaStreamJacksonModule]
[DEBUG] [10/06/2023 14:41:04.450] [Test worker] [JacksonObjectMapperProvider$] Registered Jackson module [com.fasterxml.jackson.module.paramnames.ParameterNamesModule]
[DEBUG] [10/06/2023 14:41:04.453] [Test worker] [JacksonObjectMapperProvider$] Registered Jackson module [com.fasterxml.jackson.datatype.jdk8.Jdk8Module]
[DEBUG] [10/06/2023 14:41:04.453] [Test worker] [JacksonObjectMapperProvider$] Registered Jackson module [com.fasterxml.jackson.datatype.jsr310.JavaTimeModule]
[DEBUG] [10/06/2023 14:41:04.518] [Test worker] [JacksonObjectMapperProvider$] Registered Jackson module [com.fasterxml.jackson.module.scala.DefaultScalaModule]
[DEBUG] [10/06/2023 14:41:04.525] [Test worker] [JacksonObjectMapperProvider$] Registered Jackson module [akka.serialization.jackson.AkkaJacksonModule]
[DEBUG] [10/06/2023 14:41:04.525] [Test worker] [JacksonObjectMapperProvider$] Registered Jackson module [akka.serialization.jackson.AkkaStreamJacksonModule]
[DEBUG] [10/06/2023 14:41:04.525] [Test worker] [JacksonObjectMapperProvider$] Registered Jackson module [com.fasterxml.jackson.module.paramnames.ParameterNamesModule]
[DEBUG] [10/06/2023 14:41:04.525] [Test worker] [JacksonObjectMapperProvider$] Registered Jackson module [com.fasterxml.jackson.datatype.jdk8.Jdk8Module]
[DEBUG] [10/06/2023 14:41:04.525] [Test worker] [JacksonObjectMapperProvider$] Registered Jackson module [com.fasterxml.jackson.datatype.jsr310.JavaTimeModule]
[DEBUG] [10/06/2023 14:41:04.528] [Test worker] [JacksonObjectMapperProvider$] Registered Jackson module [com.fasterxml.jackson.module.scala.DefaultScalaModule]
[DEBUG] [10/06/2023 14:41:04.536] [Test worker] [JacksonObjectMapperProvider$] Registered Jackson module [akka.serialization.jackson.AkkaJacksonModule]
[DEBUG] [10/06/2023 14:41:04.537] [Test worker] [JacksonObjectMapperProvider$] Registered Jackson module [akka.serialization.jackson.AkkaStreamJacksonModule]
[DEBUG] [10/06/2023 14:41:04.537] [Test worker] [JacksonObjectMapperProvider$] Registered Jackson module [com.fasterxml.jackson.module.paramnames.ParameterNamesModule]
[DEBUG] [10/06/2023 14:41:04.537] [Test worker] [JacksonObjectMapperProvider$] Registered Jackson module [com.fasterxml.jackson.datatype.jdk8.Jdk8Module]
[DEBUG] [10/06/2023 14:41:04.537] [Test worker] [JacksonObjectMapperProvider$] Registered Jackson module [com.fasterxml.jackson.datatype.jsr310.JavaTimeModule]
[DEBUG] [10/06/2023 14:41:04.538] [Test worker] [JacksonObjectMapperProvider$] Registered Jackson module [com.fasterxml.jackson.module.scala.DefaultScalaModule]
[WARN] [10/06/2023 14:41:05.093] [Test worker-ScalaTest-running-ServiceRoutesSpec] [akka.actor.ActorSystemImpl(com-tvd-eqx-service-ServiceRoutesSpec)] withRequestTimeout was used in route however no request-timeout is set!
[WARN] [10/06/2023 14:41:05.160] [Test worker-ScalaTest-running-ServiceRoutesSpec] [akka.actor.ActorSystemImpl(com-tvd-eqx-service-ServiceRoutesSpec)] withRequestTimeout was used in route however no request-timeout is set!
14:41:05.181 [com-tvd-eqx-service-ServiceRoutesSpec-akka.actor.default-dispatcher-4] INFO  - Log level changed to [DEBUG] for path [com.tvd.eqx.WebServer]
[INFO] [10/06/2023 14:41:05.379] [Test worker] [CoordinatedShutdown(akka://com-tvd-eqx-service-ServiceRoutesSpec)] Running CoordinatedShutdown with reason [ActorSystemTerminateReason]
[DEBUG] [10/06/2023 14:41:05.380] [Test worker] [CoordinatedShutdown(akka://com-tvd-eqx-service-ServiceRoutesSpec)] Performing phase [before-service-unbind] with [0] tasks
[DEBUG] [10/06/2023 14:41:05.384] [com-tvd-eqx-service-ServiceRoutesSpec-akka.actor.internal-dispatcher-2] [CoordinatedShutdown(akka://com-tvd-eqx-service-ServiceRoutesSpec)] Performing phase [service-unbind] with [0] tasks
[DEBUG] [10/06/2023 14:41:05.384] [com-tvd-eqx-service-ServiceRoutesSpec-akka.actor.internal-dispatcher-2] [CoordinatedShutdown(akka://com-tvd-eqx-service-ServiceRoutesSpec)] Performing phase [service-requests-done] with [0] tasks
[DEBUG] [10/06/2023 14:41:05.384] [com-tvd-eqx-service-ServiceRoutesSpec-akka.actor.internal-dispatcher-2] [CoordinatedShutdown(akka://com-tvd-eqx-service-ServiceRoutesSpec)] Performing phase [service-stop] with [0] tasks
[DEBUG] [10/06/2023 14:41:05.384] [com-tvd-eqx-service-ServiceRoutesSpec-akka.actor.internal-dispatcher-2] [CoordinatedShutdown(akka://com-tvd-eqx-service-ServiceRoutesSpec)] Performing phase [before-cluster-shutdown] with [0] tasks
[DEBUG] [10/06/2023 14:41:05.384] [com-tvd-eqx-service-ServiceRoutesSpec-akka.actor.internal-dispatcher-2] [CoordinatedShutdown(akka://com-tvd-eqx-service-ServiceRoutesSpec)] Performing phase [cluster-sharding-shutdown-region] with [0] tasks
[DEBUG] [10/06/2023 14:41:05.384] [com-tvd-eqx-service-ServiceRoutesSpec-akka.actor.internal-dispatcher-2] [CoordinatedShutdown(akka://com-tvd-eqx-service-ServiceRoutesSpec)] Performing phase [cluster-leave] with [0] tasks
[DEBUG] [10/06/2023 14:41:05.384] [com-tvd-eqx-service-ServiceRoutesSpec-akka.actor.internal-dispatcher-2] [CoordinatedShutdown(akka://com-tvd-eqx-service-ServiceRoutesSpec)] Performing phase [cluster-exiting] with [0] tasks
[DEBUG] [10/06/2023 14:41:05.384] [com-tvd-eqx-service-ServiceRoutesSpec-akka.actor.internal-dispatcher-2] [CoordinatedShutdown(akka://com-tvd-eqx-service-ServiceRoutesSpec)] Performing phase [cluster-exiting-done] with [0] tasks
[DEBUG] [10/06/2023 14:41:05.384] [com-tvd-eqx-service-ServiceRoutesSpec-akka.actor.internal-dispatcher-2] [CoordinatedShutdown(akka://com-tvd-eqx-service-ServiceRoutesSpec)] Performing phase [cluster-shutdown] with [0] tasks
[DEBUG] [10/06/2023 14:41:05.385] [com-tvd-eqx-service-ServiceRoutesSpec-akka.actor.internal-dispatcher-2] [CoordinatedShutdown(akka://com-tvd-eqx-service-ServiceRoutesSpec)] Performing phase [before-actor-system-terminate] with [0] tasks
[DEBUG] [10/06/2023 14:41:05.385] [com-tvd-eqx-service-ServiceRoutesSpec-akka.actor.internal-dispatcher-2] [CoordinatedShutdown(akka://com-tvd-eqx-service-ServiceRoutesSpec)] Performing phase [actor-system-terminate] with [1] tasks.
[DEBUG] [10/06/2023 14:41:05.386] [com-tvd-eqx-service-ServiceRoutesSpec-akka.actor.internal-dispatcher-2] [CoordinatedShutdown(akka://com-tvd-eqx-service-ServiceRoutesSpec)] Performing task [terminate-system] in CoordinatedShutdown phase [actor-system-terminate]
[DEBUG] [10/06/2023 14:41:05.397] [com-tvd-eqx-service-ServiceRoutesSpec-akka.actor.internal-dispatcher-7] [EventStream] shutting down: StandardOutLogger
]]></system-out>
  <system-err><![CDATA[]]></system-err>
</testsuite>
